<?xml version="1.0" encoding="UTF-8"?>
<testsuite name="com.cc.model.CurtainCallApplicationTests" tests="1" skipped="0" failures="0" errors="0" timestamp="2023-06-16T15:18:46" hostname="gimchaelinui-MacBookAir.local" time="0.276">
  <properties/>
  <testcase name="contextLoads()" classname="com.cc.model.CurtainCallApplicationTests" time="0.276"/>
  <system-out><![CDATA[00:18:34.786 [Test worker] DEBUG org.springframework.test.context.BootstrapUtils - Instantiating CacheAwareContextLoaderDelegate from class [org.springframework.test.context.cache.DefaultCacheAwareContextLoaderDelegate]
00:18:34.803 [Test worker] DEBUG org.springframework.test.context.BootstrapUtils - Instantiating BootstrapContext using constructor [public org.springframework.test.context.support.DefaultBootstrapContext(java.lang.Class,org.springframework.test.context.CacheAwareContextLoaderDelegate)]
00:18:34.883 [Test worker] DEBUG org.springframework.test.context.BootstrapUtils - Instantiating TestContextBootstrapper for test class [com.cc.model.CurtainCallApplicationTests] from class [org.springframework.boot.test.context.SpringBootTestContextBootstrapper]
00:18:34.904 [Test worker] INFO org.springframework.boot.test.context.SpringBootTestContextBootstrapper - Neither @ContextConfiguration nor @ContextHierarchy found for test class [com.cc.model.CurtainCallApplicationTests], using SpringBootContextLoader
00:18:34.911 [Test worker] DEBUG org.springframework.test.context.support.AbstractContextLoader - Did not detect default resource location for test class [com.cc.model.CurtainCallApplicationTests]: class path resource [com/cc/model/CurtainCallApplicationTests-context.xml] does not exist
00:18:34.913 [Test worker] DEBUG org.springframework.test.context.support.AbstractContextLoader - Did not detect default resource location for test class [com.cc.model.CurtainCallApplicationTests]: class path resource [com/cc/model/CurtainCallApplicationTestsContext.groovy] does not exist
00:18:34.913 [Test worker] INFO org.springframework.test.context.support.AbstractContextLoader - Could not detect default resource locations for test class [com.cc.model.CurtainCallApplicationTests]: no resource found for suffixes {-context.xml, Context.groovy}.
00:18:34.914 [Test worker] INFO org.springframework.test.context.support.AnnotationConfigContextLoaderUtils - Could not detect default configuration classes for test class [com.cc.model.CurtainCallApplicationTests]: CurtainCallApplicationTests does not declare any static, non-private, non-final, nested classes annotated with @Configuration.
00:18:35.003 [Test worker] DEBUG org.springframework.test.context.support.ActiveProfilesUtils - Could not find an 'annotation declaring class' for annotation type [org.springframework.test.context.ActiveProfiles] and class [com.cc.model.CurtainCallApplicationTests]
00:18:35.138 [Test worker] DEBUG org.springframework.context.annotation.ClassPathScanningCandidateComponentProvider - Identified candidate component class: file [/Users/kimchaelin/final-project/CurtainCall/build/classes/java/main/com/cc/model/CurtainCallApplication.class]
00:18:35.142 [Test worker] INFO org.springframework.boot.test.context.SpringBootTestContextBootstrapper - Found @SpringBootConfiguration com.cc.model.CurtainCallApplication for test class com.cc.model.CurtainCallApplicationTests
00:18:35.436 [Test worker] DEBUG org.springframework.boot.test.context.SpringBootTestContextBootstrapper - @TestExecutionListeners is not present for class [com.cc.model.CurtainCallApplicationTests]: using defaults.
00:18:35.439 [Test worker] INFO org.springframework.boot.test.context.SpringBootTestContextBootstrapper - Loaded default TestExecutionListener class names from location [META-INF/spring.factories]: [org.springframework.boot.test.autoconfigure.restdocs.RestDocsTestExecutionListener, org.springframework.boot.test.autoconfigure.web.client.MockRestServiceServerResetTestExecutionListener, org.springframework.boot.test.autoconfigure.web.servlet.MockMvcPrintOnlyOnFailureTestExecutionListener, org.springframework.boot.test.autoconfigure.web.servlet.WebDriverTestExecutionListener, org.springframework.boot.test.autoconfigure.webservices.client.MockWebServiceServerTestExecutionListener, org.springframework.boot.test.mock.mockito.MockitoTestExecutionListener, org.springframework.boot.test.mock.mockito.ResetMocksTestExecutionListener, org.springframework.test.context.web.ServletTestExecutionListener, org.springframework.test.context.support.DirtiesContextBeforeModesTestExecutionListener, org.springframework.test.context.event.ApplicationEventsTestExecutionListener, org.springframework.test.context.support.DependencyInjectionTestExecutionListener, org.springframework.test.context.support.DirtiesContextTestExecutionListener, org.springframework.test.context.transaction.TransactionalTestExecutionListener, org.springframework.test.context.jdbc.SqlScriptsTestExecutionListener, org.springframework.test.context.event.EventPublishingTestExecutionListener]
00:18:35.471 [Test worker] INFO org.springframework.boot.test.context.SpringBootTestContextBootstrapper - Using TestExecutionListeners: [org.springframework.test.context.web.ServletTestExecutionListener@58a55449, org.springframework.test.context.support.DirtiesContextBeforeModesTestExecutionListener@5949eba8, org.springframework.test.context.event.ApplicationEventsTestExecutionListener@6e0ff644, org.springframework.boot.test.mock.mockito.MockitoTestExecutionListener@58dea0a5, org.springframework.boot.test.autoconfigure.SpringBootDependencyInjectionTestExecutionListener@2a2bb0eb, org.springframework.test.context.support.DirtiesContextTestExecutionListener@3c291aad, org.springframework.test.context.transaction.TransactionalTestExecutionListener@2d0566ba, org.springframework.test.context.jdbc.SqlScriptsTestExecutionListener@733037, org.springframework.test.context.event.EventPublishingTestExecutionListener@7728643a, org.springframework.boot.test.autoconfigure.restdocs.RestDocsTestExecutionListener@320e400, org.springframework.boot.test.autoconfigure.web.client.MockRestServiceServerResetTestExecutionListener@5167268, org.springframework.boot.test.autoconfigure.web.servlet.MockMvcPrintOnlyOnFailureTestExecutionListener@1cfd1875, org.springframework.boot.test.autoconfigure.web.servlet.WebDriverTestExecutionListener@28c0b664, org.springframework.boot.test.autoconfigure.webservices.client.MockWebServiceServerTestExecutionListener@2c444798, org.springframework.boot.test.mock.mockito.ResetMocksTestExecutionListener@1af7f54a]
00:18:35.479 [Test worker] DEBUG org.springframework.test.context.support.AbstractDirtiesContextTestExecutionListener - Before test class: context [DefaultTestContext@4d0402b testClass = CurtainCallApplicationTests, testInstance = [null], testMethod = [null], testException = [null], mergedContextConfiguration = [WebMergedContextConfiguration@2fa7ae9 testClass = CurtainCallApplicationTests, locations = '{}', classes = '{class com.cc.model.CurtainCallApplication}', contextInitializerClasses = '[]', activeProfiles = '{}', propertySourceLocations = '{}', propertySourceProperties = '{org.springframework.boot.test.context.SpringBootTestContextBootstrapper=true}', contextCustomizers = set[org.springframework.boot.test.autoconfigure.actuate.metrics.MetricsExportContextCustomizerFactory$DisableMetricExportContextCustomizer@40cb698e, org.springframework.boot.test.autoconfigure.properties.PropertyMappingContextCustomizer@0, org.springframework.boot.test.autoconfigure.web.servlet.WebDriverContextCustomizerFactory$Customizer@2262b621, org.springframework.boot.test.context.filter.ExcludeFilterContextCustomizer@25e2a451, org.springframework.boot.test.json.DuplicateJsonObjectContextCustomizerFactory$DuplicateJsonObjectContextCustomizer@63b1d4fa, org.springframework.boot.test.mock.mockito.MockitoContextCustomizer@0, org.springframework.boot.test.web.client.TestRestTemplateContextCustomizer@24b6b8f6, org.springframework.boot.test.context.SpringBootTestArgs@1, org.springframework.boot.test.context.SpringBootTestWebEnvironment@2ca26d77], resourceBasePath = 'src/main/webapp', contextLoader = 'org.springframework.boot.test.context.SpringBootContextLoader', parent = [null]], attributes = map['org.springframework.test.context.web.ServletTestExecutionListener.activateListener' -> true]], class annotated with @DirtiesContext [false] with mode [null].

  .   ____          _            __ _ _
 /\\ / ___'_ __ _ _(_)_ __  __ _ \ \ \ \
( ( )\___ | '_ | '_| | '_ \/ _` | \ \ \ \
 \\/  ___)| |_)| | | | | || (_| |  ) ) ) )
  '  |____| .__|_| |_|_| |_\__, | / / / /
 =========|_|==============|___/=/_/_/_/
 :: Spring Boot ::               (v2.7.12)

2023-06-17 00:18:36.456  WARN 1358 --- [    Test worker] ory$DuplicateJsonObjectContextCustomizer : 

Found multiple occurrences of org.json.JSONObject on the class path:

	jar:file:/Users/kimchaelin/.gradle/caches/modules-2/files-2.1/org.json/json/20180813/8566b2b0391d9d4479ea225645c6ed47ef17fe41/json-20180813.jar!/org/json/JSONObject.class
	jar:file:/Users/kimchaelin/.gradle/caches/modules-2/files-2.1/com.vaadin.external.google/android-json/0.0.20131108.vaadin1/fa26d351fe62a6a17f5cda1287c1c6110dec413f/android-json-0.0.20131108.vaadin1.jar!/org/json/JSONObject.class

You may wish to exclude one of them to ensure predictable runtime behavior

2023-06-17 00:18:36.498  INFO 1358 --- [    Test worker] c.cc.model.CurtainCallApplicationTests   : Starting CurtainCallApplicationTests using Java 11.0.18 on gimchaelinui-MacBookAir.local with PID 1358 (started by kimchaelin in /Users/kimchaelin/final-project/CurtainCall)
2023-06-17 00:18:36.503  INFO 1358 --- [    Test worker] c.cc.model.CurtainCallApplicationTests   : No active profile set, falling back to 1 default profile: "default"
2023-06-17 00:18:38.504  INFO 1358 --- [    Test worker] .s.d.r.c.RepositoryConfigurationDelegate : Bootstrapping Spring Data JPA repositories in DEFAULT mode.
2023-06-17 00:18:38.791  INFO 1358 --- [    Test worker] .s.d.r.c.RepositoryConfigurationDelegate : Finished Spring Data repository scanning in 275 ms. Found 4 JPA repository interfaces.
2023-06-17 00:18:39.057  WARN 1358 --- [    Test worker] o.m.s.mapper.ClassPathMapperScanner      : No MyBatis mapper was found in '[com.cc.model]' package. Please check your configuration.
2023-06-17 00:18:40.579  INFO 1358 --- [    Test worker] o.hibernate.jpa.internal.util.LogHelper  : HHH000204: Processing PersistenceUnitInfo [name: default]
2023-06-17 00:18:40.679  INFO 1358 --- [    Test worker] org.hibernate.Version                    : HHH000412: Hibernate ORM core version 5.6.15.Final
2023-06-17 00:18:40.976  INFO 1358 --- [    Test worker] o.hibernate.annotations.common.Version   : HCANN000001: Hibernate Commons Annotations {5.1.2.Final}
2023-06-17 00:18:41.145  INFO 1358 --- [    Test worker] com.zaxxer.hikari.HikariDataSource       : HikariPool-1 - Starting...
2023-06-17 00:18:41.322  INFO 1358 --- [    Test worker] com.zaxxer.hikari.HikariDataSource       : HikariPool-1 - Start completed.
2023-06-17 00:18:41.405  INFO 1358 --- [    Test worker] org.hibernate.dialect.Dialect            : HHH000400: Using dialect: org.hibernate.dialect.MariaDB103Dialect
2023-06-17 00:18:42.614  INFO 1358 --- [    Test worker] o.h.e.t.j.p.i.JtaPlatformInitiator       : HHH000490: Using JtaPlatform implementation: [org.hibernate.engine.transaction.jta.platform.internal.NoJtaPlatform]
2023-06-17 00:18:42.631  INFO 1358 --- [    Test worker] j.LocalContainerEntityManagerFactoryBean : Initialized JPA EntityManagerFactory for persistence unit 'default'
2023-06-17 00:18:45.263  INFO 1358 --- [    Test worker] o.s.b.a.w.s.WelcomePageHandlerMapping    : Adding welcome page: class path resource [static/index.html]
2023-06-17 00:18:46.581  INFO 1358 --- [    Test worker] c.cc.model.CurtainCallApplicationTests   : Started CurtainCallApplicationTests in 11.011 seconds (JVM running for 13.875)
]]></system-out>
  <system-err><![CDATA[]]></system-err>
</testsuite>
