<?xml version="1.0" encoding="UTF-8"?>
<testsuite name="com.cc.model.CurtainCallApplicationTests" tests="1" skipped="0" failures="0" errors="0" timestamp="2023-06-15T14:08:02" hostname="gimchaelinui-MacBookAir.local" time="0.272">
  <properties/>
  <testcase name="contextLoads()" classname="com.cc.model.CurtainCallApplicationTests" time="0.272"/>
  <system-out><![CDATA[23:07:50.135 [Test worker] DEBUG org.springframework.test.context.BootstrapUtils - Instantiating CacheAwareContextLoaderDelegate from class [org.springframework.test.context.cache.DefaultCacheAwareContextLoaderDelegate]
23:07:50.154 [Test worker] DEBUG org.springframework.test.context.BootstrapUtils - Instantiating BootstrapContext using constructor [public org.springframework.test.context.support.DefaultBootstrapContext(java.lang.Class,org.springframework.test.context.CacheAwareContextLoaderDelegate)]
23:07:50.242 [Test worker] DEBUG org.springframework.test.context.BootstrapUtils - Instantiating TestContextBootstrapper for test class [com.cc.model.CurtainCallApplicationTests] from class [org.springframework.boot.test.context.SpringBootTestContextBootstrapper]
23:07:50.261 [Test worker] INFO org.springframework.boot.test.context.SpringBootTestContextBootstrapper - Neither @ContextConfiguration nor @ContextHierarchy found for test class [com.cc.model.CurtainCallApplicationTests], using SpringBootContextLoader
23:07:50.267 [Test worker] DEBUG org.springframework.test.context.support.AbstractContextLoader - Did not detect default resource location for test class [com.cc.model.CurtainCallApplicationTests]: class path resource [com/cc/model/CurtainCallApplicationTests-context.xml] does not exist
23:07:50.269 [Test worker] DEBUG org.springframework.test.context.support.AbstractContextLoader - Did not detect default resource location for test class [com.cc.model.CurtainCallApplicationTests]: class path resource [com/cc/model/CurtainCallApplicationTestsContext.groovy] does not exist
23:07:50.270 [Test worker] INFO org.springframework.test.context.support.AbstractContextLoader - Could not detect default resource locations for test class [com.cc.model.CurtainCallApplicationTests]: no resource found for suffixes {-context.xml, Context.groovy}.
23:07:50.271 [Test worker] INFO org.springframework.test.context.support.AnnotationConfigContextLoaderUtils - Could not detect default configuration classes for test class [com.cc.model.CurtainCallApplicationTests]: CurtainCallApplicationTests does not declare any static, non-private, non-final, nested classes annotated with @Configuration.
23:07:50.367 [Test worker] DEBUG org.springframework.test.context.support.ActiveProfilesUtils - Could not find an 'annotation declaring class' for annotation type [org.springframework.test.context.ActiveProfiles] and class [com.cc.model.CurtainCallApplicationTests]
23:07:50.518 [Test worker] DEBUG org.springframework.context.annotation.ClassPathScanningCandidateComponentProvider - Identified candidate component class: file [/Users/kimchaelin/final-project/CurtainCall/build/classes/java/main/com/cc/model/CurtainCallApplication.class]
23:07:50.522 [Test worker] INFO org.springframework.boot.test.context.SpringBootTestContextBootstrapper - Found @SpringBootConfiguration com.cc.model.CurtainCallApplication for test class com.cc.model.CurtainCallApplicationTests
23:07:50.962 [Test worker] DEBUG org.springframework.boot.test.context.SpringBootTestContextBootstrapper - @TestExecutionListeners is not present for class [com.cc.model.CurtainCallApplicationTests]: using defaults.
23:07:50.967 [Test worker] INFO org.springframework.boot.test.context.SpringBootTestContextBootstrapper - Loaded default TestExecutionListener class names from location [META-INF/spring.factories]: [org.springframework.boot.test.autoconfigure.restdocs.RestDocsTestExecutionListener, org.springframework.boot.test.autoconfigure.web.client.MockRestServiceServerResetTestExecutionListener, org.springframework.boot.test.autoconfigure.web.servlet.MockMvcPrintOnlyOnFailureTestExecutionListener, org.springframework.boot.test.autoconfigure.web.servlet.WebDriverTestExecutionListener, org.springframework.boot.test.autoconfigure.webservices.client.MockWebServiceServerTestExecutionListener, org.springframework.boot.test.mock.mockito.MockitoTestExecutionListener, org.springframework.boot.test.mock.mockito.ResetMocksTestExecutionListener, org.springframework.test.context.web.ServletTestExecutionListener, org.springframework.test.context.support.DirtiesContextBeforeModesTestExecutionListener, org.springframework.test.context.event.ApplicationEventsTestExecutionListener, org.springframework.test.context.support.DependencyInjectionTestExecutionListener, org.springframework.test.context.support.DirtiesContextTestExecutionListener, org.springframework.test.context.transaction.TransactionalTestExecutionListener, org.springframework.test.context.jdbc.SqlScriptsTestExecutionListener, org.springframework.test.context.event.EventPublishingTestExecutionListener]
23:07:51.006 [Test worker] INFO org.springframework.boot.test.context.SpringBootTestContextBootstrapper - Using TestExecutionListeners: [org.springframework.test.context.web.ServletTestExecutionListener@3c291aad, org.springframework.test.context.support.DirtiesContextBeforeModesTestExecutionListener@2d0566ba, org.springframework.test.context.event.ApplicationEventsTestExecutionListener@733037, org.springframework.boot.test.mock.mockito.MockitoTestExecutionListener@7728643a, org.springframework.boot.test.autoconfigure.SpringBootDependencyInjectionTestExecutionListener@320e400, org.springframework.test.context.support.DirtiesContextTestExecutionListener@5167268, org.springframework.test.context.transaction.TransactionalTestExecutionListener@1cfd1875, org.springframework.test.context.jdbc.SqlScriptsTestExecutionListener@28c0b664, org.springframework.test.context.event.EventPublishingTestExecutionListener@2c444798, org.springframework.boot.test.autoconfigure.restdocs.RestDocsTestExecutionListener@1af7f54a, org.springframework.boot.test.autoconfigure.web.client.MockRestServiceServerResetTestExecutionListener@6ebd78d1, org.springframework.boot.test.autoconfigure.web.servlet.MockMvcPrintOnlyOnFailureTestExecutionListener@436390f4, org.springframework.boot.test.autoconfigure.web.servlet.WebDriverTestExecutionListener@4d157787, org.springframework.boot.test.autoconfigure.webservices.client.MockWebServiceServerTestExecutionListener@68ed96ca, org.springframework.boot.test.mock.mockito.ResetMocksTestExecutionListener@6d1310f6]
23:07:51.013 [Test worker] DEBUG org.springframework.test.context.support.AbstractDirtiesContextTestExecutionListener - Before test class: context [DefaultTestContext@60afd40d testClass = CurtainCallApplicationTests, testInstance = [null], testMethod = [null], testException = [null], mergedContextConfiguration = [WebMergedContextConfiguration@28a2a3e7 testClass = CurtainCallApplicationTests, locations = '{}', classes = '{class com.cc.model.CurtainCallApplication}', contextInitializerClasses = '[]', activeProfiles = '{}', propertySourceLocations = '{}', propertySourceProperties = '{org.springframework.boot.test.context.SpringBootTestContextBootstrapper=true}', contextCustomizers = set[org.springframework.boot.test.autoconfigure.actuate.metrics.MetricsExportContextCustomizerFactory$DisableMetricExportContextCustomizer@4a891c97, org.springframework.boot.test.autoconfigure.properties.PropertyMappingContextCustomizer@0, org.springframework.boot.test.autoconfigure.web.servlet.WebDriverContextCustomizerFactory$Customizer@25e2a451, org.springframework.boot.test.context.filter.ExcludeFilterContextCustomizer@63b1d4fa, org.springframework.boot.test.json.DuplicateJsonObjectContextCustomizerFactory$DuplicateJsonObjectContextCustomizer@45efc20d, org.springframework.boot.test.mock.mockito.MockitoContextCustomizer@0, org.springframework.boot.test.web.client.TestRestTemplateContextCustomizer@45c8d09f, org.springframework.boot.test.context.SpringBootTestArgs@1, org.springframework.boot.test.context.SpringBootTestWebEnvironment@1ebea008], resourceBasePath = 'src/main/webapp', contextLoader = 'org.springframework.boot.test.context.SpringBootContextLoader', parent = [null]], attributes = map['org.springframework.test.context.web.ServletTestExecutionListener.activateListener' -> true]], class annotated with @DirtiesContext [false] with mode [null].

  .   ____          _            __ _ _
 /\\ / ___'_ __ _ _(_)_ __  __ _ \ \ \ \
( ( )\___ | '_ | '_| | '_ \/ _` | \ \ \ \
 \\/  ___)| |_)| | | | | || (_| |  ) ) ) )
  '  |____| .__|_| |_|_| |_\__, | / / / /
 =========|_|==============|___/=/_/_/_/
 :: Spring Boot ::               (v2.7.12)

2023-06-15 23:07:51.990  WARN 15592 --- [    Test worker] ory$DuplicateJsonObjectContextCustomizer : 

Found multiple occurrences of org.json.JSONObject on the class path:

	jar:file:/Users/kimchaelin/.gradle/caches/modules-2/files-2.1/org.json/json/20180813/8566b2b0391d9d4479ea225645c6ed47ef17fe41/json-20180813.jar!/org/json/JSONObject.class
	jar:file:/Users/kimchaelin/.gradle/caches/modules-2/files-2.1/com.vaadin.external.google/android-json/0.0.20131108.vaadin1/fa26d351fe62a6a17f5cda1287c1c6110dec413f/android-json-0.0.20131108.vaadin1.jar!/org/json/JSONObject.class

You may wish to exclude one of them to ensure predictable runtime behavior

2023-06-15 23:07:52.109  INFO 15592 --- [    Test worker] c.cc.model.CurtainCallApplicationTests   : Starting CurtainCallApplicationTests using Java 11.0.18 on gimchaelinui-MacBookAir.local with PID 15592 (started by kimchaelin in /Users/kimchaelin/final-project/CurtainCall)
2023-06-15 23:07:52.113  INFO 15592 --- [    Test worker] c.cc.model.CurtainCallApplicationTests   : No active profile set, falling back to 1 default profile: "default"
2023-06-15 23:07:54.156  INFO 15592 --- [    Test worker] .s.d.r.c.RepositoryConfigurationDelegate : Bootstrapping Spring Data JPA repositories in DEFAULT mode.
2023-06-15 23:07:54.418  INFO 15592 --- [    Test worker] .s.d.r.c.RepositoryConfigurationDelegate : Finished Spring Data repository scanning in 250 ms. Found 4 JPA repository interfaces.
2023-06-15 23:07:54.739  WARN 15592 --- [    Test worker] o.m.s.mapper.ClassPathMapperScanner      : No MyBatis mapper was found in '[com.cc.model]' package. Please check your configuration.
2023-06-15 23:07:56.188  INFO 15592 --- [    Test worker] o.hibernate.jpa.internal.util.LogHelper  : HHH000204: Processing PersistenceUnitInfo [name: default]
2023-06-15 23:07:56.288  INFO 15592 --- [    Test worker] org.hibernate.Version                    : HHH000412: Hibernate ORM core version 5.6.15.Final
2023-06-15 23:07:56.579  INFO 15592 --- [    Test worker] o.hibernate.annotations.common.Version   : HCANN000001: Hibernate Commons Annotations {5.1.2.Final}
2023-06-15 23:07:56.796  INFO 15592 --- [    Test worker] com.zaxxer.hikari.HikariDataSource       : HikariPool-1 - Starting...
2023-06-15 23:07:57.074  INFO 15592 --- [    Test worker] com.zaxxer.hikari.HikariDataSource       : HikariPool-1 - Start completed.
2023-06-15 23:07:57.122  INFO 15592 --- [    Test worker] org.hibernate.dialect.Dialect            : HHH000400: Using dialect: org.hibernate.dialect.MariaDB103Dialect
2023-06-15 23:07:58.418  INFO 15592 --- [    Test worker] o.h.e.t.j.p.i.JtaPlatformInitiator       : HHH000490: Using JtaPlatform implementation: [org.hibernate.engine.transaction.jta.platform.internal.NoJtaPlatform]
2023-06-15 23:07:58.439  INFO 15592 --- [    Test worker] j.LocalContainerEntityManagerFactoryBean : Initialized JPA EntityManagerFactory for persistence unit 'default'
2023-06-15 23:08:00.807  INFO 15592 --- [    Test worker] o.s.b.a.w.s.WelcomePageHandlerMapping    : Adding welcome page: class path resource [static/index.html]
2023-06-15 23:08:02.179  INFO 15592 --- [    Test worker] c.cc.model.CurtainCallApplicationTests   : Started CurtainCallApplicationTests in 11.062 seconds (JVM running for 14.192)
]]></system-out>
  <system-err><![CDATA[]]></system-err>
</testsuite>
